c:\users\eugen\source\repos\exam 1 study guide\exam 1 study guide\x64\debug\vc143.pdb
c:\users\eugen\source\repos\exam 1 study guide\exam 1 study guide\x64\debug\vc143.idb
c:\users\eugen\source\repos\exam 1 study guide\exam 1 study guide\x64\debug\lab1partb.obj
c:\users\eugen\source\repos\exam 1 study guide\exam 1 study guide\x64\debug\lab1parta.obj
c:\users\eugen\source\repos\exam 1 study guide\exam 1 study guide\x64\debug\lab 01 codes.obj
c:\users\eugen\source\repos\exam 1 study guide\exam 1 study guide\x64\debug\lab2parta.obj
c:\users\eugen\source\repos\exam 1 study guide\exam 1 study guide\x64\debug\lab2partb.obj
c:\users\eugen\source\repos\exam 1 study guide\exam 1 study guide\x64\debug\lab 01 code.obj
c:\users\eugen\source\repos\exam 1 study guide\exam 1 study guide\x64\debug\lab.obj
c:\users\eugen\source\repos\exam 1 study guide\exam 1 study guide\x64\debug\lab01.obj
c:\users\eugen\source\repos\exam 1 study guide\exam 1 study guide\x64\debug\source.obj
c:\users\eugen\source\repos\exam 1 study guide\exam 1 study guide\x64\debug\exam 1 study guide.ilk
c:\users\eugen\source\repos\exam 1 study guide\exam 1 study guide\x64\debug\labs.ilk
c:\users\eugen\source\repos\exam 1 study guide\x64\debug\labs.pdb
c:\users\eugen\source\repos\exam 1 study guide\x64\debug\labs.exe
c:\users\eugen\source\repos\exam 1 study guide\exam 1 study guide\x64\debug\labs.tlog\cl.command.1.tlog
c:\users\eugen\source\repos\exam 1 study guide\exam 1 study guide\x64\debug\labs.tlog\cl.read.1.tlog
c:\users\eugen\source\repos\exam 1 study guide\exam 1 study guide\x64\debug\labs.tlog\cl.write.1.tlog
c:\users\eugen\source\repos\exam 1 study guide\exam 1 study guide\x64\debug\labs.tlog\link.command.1.tlog
c:\users\eugen\source\repos\exam 1 study guide\exam 1 study guide\x64\debug\labs.tlog\link.read.1.tlog
c:\users\eugen\source\repos\exam 1 study guide\exam 1 study guide\x64\debug\labs.tlog\link.write.1.tlog
